0 info it worked if it ends with ok
1 verbose cli [ '/usr/local/bin/node',
1 verbose cli   '/usr/local/bin/npm',
1 verbose cli   'install',
1 verbose cli   'normalize.css' ]
2 info using npm@3.8.9
3 info using node@v6.2.0
4 silly loadCurrentTree Starting
5 silly install loadCurrentTree
6 silly install readLocalPackageData
7 silly fetchPackageMetaData normalize.css
8 silly fetchNamedPackageData normalize.css
9 silly mapToRegistry name normalize.css
10 silly mapToRegistry using default registry
11 silly mapToRegistry registry http://registry.npm.taobao.org/
12 silly mapToRegistry data Result {
12 silly mapToRegistry   raw: 'normalize.css',
12 silly mapToRegistry   scope: null,
12 silly mapToRegistry   name: 'normalize.css',
12 silly mapToRegistry   rawSpec: '',
12 silly mapToRegistry   spec: 'latest',
12 silly mapToRegistry   type: 'tag' }
13 silly mapToRegistry uri http://registry.npm.taobao.org/normalize.css
14 verbose request uri http://registry.npm.taobao.org/normalize.css
15 verbose request no auth needed
16 info attempt registry request try #1 at 19:11:23
17 verbose request id e43a044d2d20701a
18 http request GET http://registry.npm.taobao.org/normalize.css
19 http 200 http://registry.npm.taobao.org/normalize.css
20 verbose headers { server: 'nginx/1.4.6 (Ubuntu)',
20 verbose headers   date: 'Sat, 02 Sep 2017 11:11:27 GMT',
20 verbose headers   'content-type': 'application/json; charset=utf-8',
20 verbose headers   'transfer-encoding': 'chunked',
20 verbose headers   connection: 'keep-alive',
20 verbose headers   'x-current-requests': '1',
20 verbose headers   'x-readtime': '19',
20 verbose headers   'content-encoding': 'gzip' }
21 silly get cb [ 200,
21 silly get   { server: 'nginx/1.4.6 (Ubuntu)',
21 silly get     date: 'Sat, 02 Sep 2017 11:11:27 GMT',
21 silly get     'content-type': 'application/json; charset=utf-8',
21 silly get     'transfer-encoding': 'chunked',
21 silly get     connection: 'keep-alive',
21 silly get     'x-current-requests': '1',
21 silly get     'x-readtime': '19',
21 silly get     'content-encoding': 'gzip' } ]
22 verbose get saving normalize.css to /Users/baohua/.npm/registry.npm.taobao.org/normalize.css/.cache.json
23 verbose correctMkdir /Users/baohua/.npm correctMkdir not in flight; initializing
24 silly install normalizeTree
25 silly loadCurrentTree Finishing
26 silly loadIdealTree Starting
27 silly install loadIdealTree
28 silly cloneCurrentTree Starting
29 silly install cloneCurrentTreeToIdealTree
30 silly cloneCurrentTree Finishing
31 silly loadShrinkwrap Starting
32 silly install loadShrinkwrap
33 silly loadShrinkwrap Finishing
34 silly loadAllDepsIntoIdealTree Starting
35 silly install loadAllDepsIntoIdealTree
36 silly resolveWithNewModule normalize.css@7.0.0 checking installable status
37 silly cache add args [ 'normalize.css', null ]
38 verbose cache add spec normalize.css
39 silly cache add parsed spec Result {
39 silly cache add   raw: 'normalize.css',
39 silly cache add   scope: null,
39 silly cache add   name: 'normalize.css',
39 silly cache add   rawSpec: '',
39 silly cache add   spec: 'latest',
39 silly cache add   type: 'tag' }
40 silly addNamed normalize.css@latest
41 verbose addNamed "latest" is being treated as a dist-tag for normalize.css
42 info addNameTag [ 'normalize.css', 'latest' ]
43 silly mapToRegistry name normalize.css
44 silly mapToRegistry using default registry
45 silly mapToRegistry registry http://registry.npm.taobao.org/
46 silly mapToRegistry data Result {
46 silly mapToRegistry   raw: 'normalize.css',
46 silly mapToRegistry   scope: null,
46 silly mapToRegistry   name: 'normalize.css',
46 silly mapToRegistry   rawSpec: '',
46 silly mapToRegistry   spec: 'latest',
46 silly mapToRegistry   type: 'tag' }
47 silly mapToRegistry uri http://registry.npm.taobao.org/normalize.css
48 verbose addNameTag registry:http://registry.npm.taobao.org/normalize.css not in flight; fetching
49 verbose get http://registry.npm.taobao.org/normalize.css not expired, no request
50 silly addNameTag next cb for normalize.css with tag latest
51 silly addNamed normalize.css@7.0.0
52 verbose addNamed "7.0.0" is a plain semver version for normalize.css
53 silly mapToRegistry name normalize.css
54 silly mapToRegistry using default registry
55 silly mapToRegistry registry http://registry.npm.taobao.org/
56 silly mapToRegistry data Result {
56 silly mapToRegistry   raw: 'normalize.css',
56 silly mapToRegistry   scope: null,
56 silly mapToRegistry   name: 'normalize.css',
56 silly mapToRegistry   rawSpec: '',
56 silly mapToRegistry   spec: 'latest',
56 silly mapToRegistry   type: 'tag' }
57 silly mapToRegistry uri http://registry.npm.taobao.org/normalize.css
58 verbose addRemoteTarball http://registry.npm.taobao.org/normalize.css/download/normalize.css-7.0.0.tgz not in flight; adding
59 verbose addRemoteTarball [ 'http://registry.npm.taobao.org/normalize.css/download/normalize.css-7.0.0.tgz',
59 verbose addRemoteTarball   'abfb1dd82470674e0322b53ceb1aaf412938e4bf' ]
60 info retry fetch attempt 1 at 19:11:28
61 info attempt registry request try #1 at 19:11:28
62 http fetch GET http://registry.npm.taobao.org/normalize.css/download/normalize.css-7.0.0.tgz
63 http fetch 200 http://registry.npm.taobao.org/normalize.css/download/normalize.css-7.0.0.tgz
64 silly fetchAndShaCheck shasum abfb1dd82470674e0322b53ceb1aaf412938e4bf
65 verbose addTmpTarball /var/folders/2m/p77g204167nbff5mpycg_14r0000gn/T/npm-56794-b641057c/registry.npm.taobao.org/normalize.css/download/normalize.css-7.0.0.tgz not in flight; adding
66 verbose addTmpTarball already have metadata; skipping unpack for normalize.css@7.0.0
67 verbose correctMkdir /Users/baohua/.npm correctMkdir not in flight; initializing
68 silly cache afterAdd normalize.css@7.0.0
69 verbose afterAdd /Users/baohua/.npm/normalize.css/7.0.0/package/package.json not in flight; writing
70 verbose correctMkdir /Users/baohua/.npm correctMkdir not in flight; initializing
71 verbose afterAdd /Users/baohua/.npm/normalize.css/7.0.0/package/package.json written
72 silly loadAllDepsIntoIdealTree Finishing
73 silly idealTree:prePrune blog@0.0.0
73 silly idealTree:prePrune ├── accepts@1.3.3
73 silly idealTree:prePrune ├─┬ acorn-globals@3.1.0
73 silly idealTree:prePrune │ └── acorn@4.0.13
73 silly idealTree:prePrune ├── acorn@3.3.0
73 silly idealTree:prePrune ├── align-text@0.1.4
73 silly idealTree:prePrune ├── amdefine@1.0.1
73 silly idealTree:prePrune ├── append-field@0.1.0
73 silly idealTree:prePrune ├── array-flatten@1.1.1
73 silly idealTree:prePrune ├── asap@2.0.5
73 silly idealTree:prePrune ├── async@0.2.10
73 silly idealTree:prePrune ├── basic-auth@1.1.0
73 silly idealTree:prePrune ├── bluebird@3.5.0
73 silly idealTree:prePrune ├─┬ body-parser@1.17.2
73 silly idealTree:prePrune │ └── debug@2.6.7
73 silly idealTree:prePrune ├── bson@1.0.4
73 silly idealTree:prePrune ├── buffer-concat@0.0.1
73 silly idealTree:prePrune ├── buffer-shims@1.0.0
73 silly idealTree:prePrune ├─┬ busboy@0.2.14
73 silly idealTree:prePrune │ ├── isarray@0.0.1
73 silly idealTree:prePrune │ ├── readable-stream@1.1.14
73 silly idealTree:prePrune │ └── string_decoder@0.10.31
73 silly idealTree:prePrune ├── bytes@2.4.0
73 silly idealTree:prePrune ├── camelcase@1.2.1
73 silly idealTree:prePrune ├── caseless@0.11.0
73 silly idealTree:prePrune ├── center-align@0.1.3
73 silly idealTree:prePrune ├── character-parser@2.2.0
73 silly idealTree:prePrune ├── clean-css@3.4.27
73 silly idealTree:prePrune ├── cliui@2.1.0
73 silly idealTree:prePrune ├── commander@2.8.1
73 silly idealTree:prePrune ├── concat-stream@1.6.0
73 silly idealTree:prePrune ├── connect-mongo@1.3.2
73 silly idealTree:prePrune ├── constantinople@3.1.0
73 silly idealTree:prePrune ├── content-disposition@0.5.2
73 silly idealTree:prePrune ├── content-type@1.0.2
73 silly idealTree:prePrune ├── cookie-parser@1.4.3
73 silly idealTree:prePrune ├── cookie-session@2.0.0-beta.2
73 silly idealTree:prePrune ├── cookie-signature@1.0.6
73 silly idealTree:prePrune ├── cookie@0.3.1
73 silly idealTree:prePrune ├── cookies@0.7.0
73 silly idealTree:prePrune ├── core-util-is@1.0.2
73 silly idealTree:prePrune ├── crc@3.4.4
73 silly idealTree:prePrune ├── crc32@0.2.2
73 silly idealTree:prePrune ├── debug@2.6.8
73 silly idealTree:prePrune ├── decamelize@1.2.0
73 silly idealTree:prePrune ├── depd@1.1.0
73 silly idealTree:prePrune ├── destroy@1.0.4
73 silly idealTree:prePrune ├─┬ dicer@0.2.5
73 silly idealTree:prePrune │ ├── isarray@0.0.1
73 silly idealTree:prePrune │ ├── readable-stream@1.1.14
73 silly idealTree:prePrune │ └── string_decoder@0.10.31
73 silly idealTree:prePrune ├── doctypes@1.1.0
73 silly idealTree:prePrune ├── ee-first@1.1.1
73 silly idealTree:prePrune ├── encodeurl@1.0.1
73 silly idealTree:prePrune ├── es6-promise@3.2.1
73 silly idealTree:prePrune ├── escape-html@1.0.3
73 silly idealTree:prePrune ├── etag@1.8.0
73 silly idealTree:prePrune ├─┬ express-session@1.15.3
73 silly idealTree:prePrune │ └── debug@2.6.7
73 silly idealTree:prePrune ├─┬ express@4.15.3
73 silly idealTree:prePrune │ └── debug@2.6.7
73 silly idealTree:prePrune ├─┬ finalhandler@1.0.3
73 silly idealTree:prePrune │ └── debug@2.6.7
73 silly idealTree:prePrune ├─┬ formstream@0.0.7
73 silly idealTree:prePrune │ └── mime@1.2.9
73 silly idealTree:prePrune ├── forwarded@0.1.0
73 silly idealTree:prePrune ├── fresh@0.5.0
73 silly idealTree:prePrune ├── function-bind@1.1.0
73 silly idealTree:prePrune ├── graceful-readlink@1.0.1
73 silly idealTree:prePrune ├── has@1.0.1
73 silly idealTree:prePrune ├── http-basic@2.5.1
73 silly idealTree:prePrune ├── http-errors@1.6.1
73 silly idealTree:prePrune ├── http-response-object@1.1.0
73 silly idealTree:prePrune ├── iconv-lite@0.4.15
73 silly idealTree:prePrune ├── inherits@2.0.3
73 silly idealTree:prePrune ├── ipaddr.js@1.3.0
73 silly idealTree:prePrune ├── is-buffer@1.1.5
73 silly idealTree:prePrune ├── is-expression@2.1.0
73 silly idealTree:prePrune ├── is-promise@2.1.0
73 silly idealTree:prePrune ├── is-regex@1.0.4
73 silly idealTree:prePrune ├── isarray@1.0.0
73 silly idealTree:prePrune ├── js-stringify@1.0.2
73 silly idealTree:prePrune ├── jstransformer@1.0.0
73 silly idealTree:prePrune ├── keygrip@1.0.1
73 silly idealTree:prePrune ├── kind-of@3.2.2
73 silly idealTree:prePrune ├── lazy-cache@1.0.4
73 silly idealTree:prePrune ├── longest@1.0.1
73 silly idealTree:prePrune ├── media-typer@0.3.0
73 silly idealTree:prePrune ├── merge-descriptors@1.0.1
73 silly idealTree:prePrune ├── methods@1.1.2
73 silly idealTree:prePrune ├── mime-db@1.27.0
73 silly idealTree:prePrune ├── mime-types@2.1.15
73 silly idealTree:prePrune ├── mime@1.3.4
73 silly idealTree:prePrune ├── minimist@0.0.10
73 silly idealTree:prePrune ├─┬ mkdirp@0.5.1
73 silly idealTree:prePrune │ └── minimist@0.0.8
73 silly idealTree:prePrune ├── mongo@0.1.0
73 silly idealTree:prePrune ├── mongodb-core@2.1.12
73 silly idealTree:prePrune ├── mongodb@2.2.28
73 silly idealTree:prePrune ├── morgan@1.8.2
73 silly idealTree:prePrune ├── ms@2.0.0
73 silly idealTree:prePrune ├─┬ multer@1.3.0
73 silly idealTree:prePrune │ └── object-assign@3.0.0
73 silly idealTree:prePrune ├── negotiator@0.6.1
73 silly idealTree:prePrune ├── normalize.css@7.0.0
73 silly idealTree:prePrune ├── object-assign@4.1.1
73 silly idealTree:prePrune ├── on-finished@2.3.0
73 silly idealTree:prePrune ├── on-headers@1.0.1
73 silly idealTree:prePrune ├── optimist@0.6.1
73 silly idealTree:prePrune ├── parseurl@1.3.1
73 silly idealTree:prePrune ├── path-parse@1.0.5
73 silly idealTree:prePrune ├── path-to-regexp@0.1.7
73 silly idealTree:prePrune ├── pause-stream@0.0.11
73 silly idealTree:prePrune ├── process-nextick-args@1.0.7
73 silly idealTree:prePrune ├── promise@7.1.1
73 silly idealTree:prePrune ├── proxy-addr@1.1.4
73 silly idealTree:prePrune ├── pug-attrs@2.0.2
73 silly idealTree:prePrune ├── pug-code-gen@1.1.1
73 silly idealTree:prePrune ├── pug-error@1.3.2
73 silly idealTree:prePrune ├── pug-filters@2.1.3
73 silly idealTree:prePrune ├─┬ pug-lexer@3.1.0
73 silly idealTree:prePrune │ ├── acorn@4.0.13
73 silly idealTree:prePrune │ └── is-expression@3.0.0
73 silly idealTree:prePrune ├── pug-linker@3.0.1
73 silly idealTree:prePrune ├── pug-load@2.0.7
73 silly idealTree:prePrune ├── pug-parser@3.0.0
73 silly idealTree:prePrune ├── pug-runtime@2.0.3
73 silly idealTree:prePrune ├── pug-strip-comments@1.0.2
73 silly idealTree:prePrune ├── pug-walk@1.1.3
73 silly idealTree:prePrune ├── pug@2.0.0-rc.2
73 silly idealTree:prePrune ├─┬ qiniu@6.1.13
73 silly idealTree:prePrune │ └── mime@1.2.9
73 silly idealTree:prePrune ├── qs@6.4.0
73 silly idealTree:prePrune ├── random-bytes@1.0.0
73 silly idealTree:prePrune ├── range-parser@1.2.0
73 silly idealTree:prePrune ├── raw-body@2.2.0
73 silly idealTree:prePrune ├── readable-stream@2.2.7
73 silly idealTree:prePrune ├── repeat-string@1.6.1
73 silly idealTree:prePrune ├── require_optional@1.0.0
73 silly idealTree:prePrune ├── resolve-from@2.0.0
73 silly idealTree:prePrune ├── resolve@1.3.3
73 silly idealTree:prePrune ├── right-align@0.1.3
73 silly idealTree:prePrune ├── safe-buffer@5.0.1
73 silly idealTree:prePrune ├── semver@5.3.0
73 silly idealTree:prePrune ├─┬ send@0.15.3
73 silly idealTree:prePrune │ └── debug@2.6.7
73 silly idealTree:prePrune ├── serve-favicon@2.4.3
73 silly idealTree:prePrune ├── serve-static@1.12.3
73 silly idealTree:prePrune ├── setprototypeof@1.0.3
73 silly idealTree:prePrune ├── source-map@0.4.4
73 silly idealTree:prePrune ├── statuses@1.3.1
73 silly idealTree:prePrune ├── streamsearch@0.1.2
73 silly idealTree:prePrune ├── string_decoder@1.0.2
73 silly idealTree:prePrune ├─┬ swig@1.4.2
73 silly idealTree:prePrune │ ├── source-map@0.1.34
73 silly idealTree:prePrune │ ├── uglify-js@2.4.24
73 silly idealTree:prePrune │ └── yargs@3.5.4
73 silly idealTree:prePrune ├── sync-request@3.0.1
73 silly idealTree:prePrune ├── then-request@2.2.0
73 silly idealTree:prePrune ├── through@2.3.8
73 silly idealTree:prePrune ├── token-stream@0.0.1
73 silly idealTree:prePrune ├── type-is@1.6.15
73 silly idealTree:prePrune ├── typedarray@0.0.6
73 silly idealTree:prePrune ├─┬ uglify-js@2.8.28
73 silly idealTree:prePrune │ └── source-map@0.5.6
73 silly idealTree:prePrune ├── uglify-to-browserify@1.0.2
73 silly idealTree:prePrune ├── uid-safe@2.1.4
73 silly idealTree:prePrune ├── unpipe@1.0.0
73 silly idealTree:prePrune ├─┬ urllib@0.5.1
73 silly idealTree:prePrune │ └── debug@0.7.2
73 silly idealTree:prePrune ├── util-deprecate@1.0.2
73 silly idealTree:prePrune ├── utils-merge@1.0.0
73 silly idealTree:prePrune ├── vary@1.1.1
73 silly idealTree:prePrune ├── void-elements@2.0.1
73 silly idealTree:prePrune ├── window-size@0.1.0
73 silly idealTree:prePrune ├── with@5.1.1
73 silly idealTree:prePrune ├── wordwrap@0.0.2
73 silly idealTree:prePrune ├── xtend@4.0.1
73 silly idealTree:prePrune └── yargs@3.10.0
74 silly loadIdealTree Finishing
75 silly currentTree blog@0.0.0
75 silly currentTree ├── accepts@1.3.3
75 silly currentTree ├─┬ acorn-globals@3.1.0
75 silly currentTree │ └── acorn@4.0.13
75 silly currentTree ├── acorn@3.3.0
75 silly currentTree ├── align-text@0.1.4
75 silly currentTree ├── amdefine@1.0.1
75 silly currentTree ├── append-field@0.1.0
75 silly currentTree ├── array-flatten@1.1.1
75 silly currentTree ├── asap@2.0.5
75 silly currentTree ├── async@0.2.10
75 silly currentTree ├── basic-auth@1.1.0
75 silly currentTree ├── bluebird@3.5.0
75 silly currentTree ├─┬ body-parser@1.17.2
75 silly currentTree │ └── debug@2.6.7
75 silly currentTree ├── bson@1.0.4
75 silly currentTree ├── buffer-concat@0.0.1
75 silly currentTree ├── buffer-shims@1.0.0
75 silly currentTree ├─┬ busboy@0.2.14
75 silly currentTree │ ├── isarray@0.0.1
75 silly currentTree │ ├── readable-stream@1.1.14
75 silly currentTree │ └── string_decoder@0.10.31
75 silly currentTree ├── bytes@2.4.0
75 silly currentTree ├── camelcase@1.2.1
75 silly currentTree ├── caseless@0.11.0
75 silly currentTree ├── center-align@0.1.3
75 silly currentTree ├── character-parser@2.2.0
75 silly currentTree ├── clean-css@3.4.27
75 silly currentTree ├── cliui@2.1.0
75 silly currentTree ├── commander@2.8.1
75 silly currentTree ├── concat-stream@1.6.0
75 silly currentTree ├── connect-mongo@1.3.2
75 silly currentTree ├── constantinople@3.1.0
75 silly currentTree ├── content-disposition@0.5.2
75 silly currentTree ├── content-type@1.0.2
75 silly currentTree ├── cookie-parser@1.4.3
75 silly currentTree ├── cookie-session@2.0.0-beta.2
75 silly currentTree ├── cookie-signature@1.0.6
75 silly currentTree ├── cookie@0.3.1
75 silly currentTree ├── cookies@0.7.0
75 silly currentTree ├── core-util-is@1.0.2
75 silly currentTree ├── crc@3.4.4
75 silly currentTree ├── crc32@0.2.2
75 silly currentTree ├── debug@2.6.8
75 silly currentTree ├── decamelize@1.2.0
75 silly currentTree ├── depd@1.1.0
75 silly currentTree ├── destroy@1.0.4
75 silly currentTree ├─┬ dicer@0.2.5
75 silly currentTree │ ├── isarray@0.0.1
75 silly currentTree │ ├── readable-stream@1.1.14
75 silly currentTree │ └── string_decoder@0.10.31
75 silly currentTree ├── doctypes@1.1.0
75 silly currentTree ├── ee-first@1.1.1
75 silly currentTree ├── encodeurl@1.0.1
75 silly currentTree ├── es6-promise@3.2.1
75 silly currentTree ├── escape-html@1.0.3
75 silly currentTree ├── etag@1.8.0
75 silly currentTree ├─┬ express-session@1.15.3
75 silly currentTree │ └── debug@2.6.7
75 silly currentTree ├─┬ express@4.15.3
75 silly currentTree │ └── debug@2.6.7
75 silly currentTree ├─┬ finalhandler@1.0.3
75 silly currentTree │ └── debug@2.6.7
75 silly currentTree ├─┬ formstream@0.0.7
75 silly currentTree │ └── mime@1.2.9
75 silly currentTree ├── forwarded@0.1.0
75 silly currentTree ├── fresh@0.5.0
75 silly currentTree ├── function-bind@1.1.0
75 silly currentTree ├── graceful-readlink@1.0.1
75 silly currentTree ├── has@1.0.1
75 silly currentTree ├── http-basic@2.5.1
75 silly currentTree ├── http-errors@1.6.1
75 silly currentTree ├── http-response-object@1.1.0
75 silly currentTree ├── iconv-lite@0.4.15
75 silly currentTree ├── inherits@2.0.3
75 silly currentTree ├── ipaddr.js@1.3.0
75 silly currentTree ├── is-buffer@1.1.5
75 silly currentTree ├── is-expression@2.1.0
75 silly currentTree ├── is-promise@2.1.0
75 silly currentTree ├── is-regex@1.0.4
75 silly currentTree ├── isarray@1.0.0
75 silly currentTree ├── js-stringify@1.0.2
75 silly currentTree ├── jstransformer@1.0.0
75 silly currentTree ├── keygrip@1.0.1
75 silly currentTree ├── kind-of@3.2.2
75 silly currentTree ├── lazy-cache@1.0.4
75 silly currentTree ├── longest@1.0.1
75 silly currentTree ├── media-typer@0.3.0
75 silly currentTree ├── merge-descriptors@1.0.1
75 silly currentTree ├── methods@1.1.2
75 silly currentTree ├── mime-db@1.27.0
75 silly currentTree ├── mime-types@2.1.15
75 silly currentTree ├── mime@1.3.4
75 silly currentTree ├── minimist@0.0.10
75 silly currentTree ├─┬ mkdirp@0.5.1
75 silly currentTree │ └── minimist@0.0.8
75 silly currentTree ├── mongo@0.1.0
75 silly currentTree ├── mongodb-core@2.1.12
75 silly currentTree ├── mongodb@2.2.28
75 silly currentTree ├── morgan@1.8.2
75 silly currentTree ├── ms@2.0.0
75 silly currentTree ├─┬ multer@1.3.0
75 silly currentTree │ └── object-assign@3.0.0
75 silly currentTree ├── negotiator@0.6.1
75 silly currentTree ├── object-assign@4.1.1
75 silly currentTree ├── on-finished@2.3.0
75 silly currentTree ├── on-headers@1.0.1
75 silly currentTree ├── optimist@0.6.1
75 silly currentTree ├── parseurl@1.3.1
75 silly currentTree ├── path-parse@1.0.5
75 silly currentTree ├── path-to-regexp@0.1.7
75 silly currentTree ├── pause-stream@0.0.11
75 silly currentTree ├── process-nextick-args@1.0.7
75 silly currentTree ├── promise@7.1.1
75 silly currentTree ├── proxy-addr@1.1.4
75 silly currentTree ├── pug-attrs@2.0.2
75 silly currentTree ├── pug-code-gen@1.1.1
75 silly currentTree ├── pug-error@1.3.2
75 silly currentTree ├── pug-filters@2.1.3
75 silly currentTree ├─┬ pug-lexer@3.1.0
75 silly currentTree │ ├── acorn@4.0.13
75 silly currentTree │ └── is-expression@3.0.0
75 silly currentTree ├── pug-linker@3.0.1
75 silly currentTree ├── pug-load@2.0.7
75 silly currentTree ├── pug-parser@3.0.0
75 silly currentTree ├── pug-runtime@2.0.3
75 silly currentTree ├── pug-strip-comments@1.0.2
75 silly currentTree ├── pug-walk@1.1.3
75 silly currentTree ├── pug@2.0.0-rc.2
75 silly currentTree ├─┬ qiniu@6.1.13
75 silly currentTree │ └── mime@1.2.9
75 silly currentTree ├── qs@6.4.0
75 silly currentTree ├── random-bytes@1.0.0
75 silly currentTree ├── range-parser@1.2.0
75 silly currentTree ├── raw-body@2.2.0
75 silly currentTree ├── readable-stream@2.2.7
75 silly currentTree ├── repeat-string@1.6.1
75 silly currentTree ├── require_optional@1.0.0
75 silly currentTree ├── resolve-from@2.0.0
75 silly currentTree ├── resolve@1.3.3
75 silly currentTree ├── right-align@0.1.3
75 silly currentTree ├── safe-buffer@5.0.1
75 silly currentTree ├── semver@5.3.0
75 silly currentTree ├─┬ send@0.15.3
75 silly currentTree │ └── debug@2.6.7
75 silly currentTree ├── serve-favicon@2.4.3
75 silly currentTree ├── serve-static@1.12.3
75 silly currentTree ├── setprototypeof@1.0.3
75 silly currentTree ├── source-map@0.4.4
75 silly currentTree ├── statuses@1.3.1
75 silly currentTree ├── streamsearch@0.1.2
75 silly currentTree ├── string_decoder@1.0.2
75 silly currentTree ├─┬ swig@1.4.2
75 silly currentTree │ ├── source-map@0.1.34
75 silly currentTree │ ├── uglify-js@2.4.24
75 silly currentTree │ └── yargs@3.5.4
75 silly currentTree ├── sync-request@3.0.1
75 silly currentTree ├── then-request@2.2.0
75 silly currentTree ├── through@2.3.8
75 silly currentTree ├── token-stream@0.0.1
75 silly currentTree ├── type-is@1.6.15
75 silly currentTree ├── typedarray@0.0.6
75 silly currentTree ├─┬ uglify-js@2.8.28
75 silly currentTree │ └── source-map@0.5.6
75 silly currentTree ├── uglify-to-browserify@1.0.2
75 silly currentTree ├── uid-safe@2.1.4
75 silly currentTree ├── unpipe@1.0.0
75 silly currentTree ├─┬ urllib@0.5.1
75 silly currentTree │ └── debug@0.7.2
75 silly currentTree ├── util-deprecate@1.0.2
75 silly currentTree ├── utils-merge@1.0.0
75 silly currentTree ├── vary@1.1.1
75 silly currentTree ├── void-elements@2.0.1
75 silly currentTree ├── window-size@0.1.0
75 silly currentTree ├── with@5.1.1
75 silly currentTree ├── wordwrap@0.0.2
75 silly currentTree ├── xtend@4.0.1
75 silly currentTree └── yargs@3.10.0
76 silly idealTree blog@0.0.0
76 silly idealTree ├── accepts@1.3.3
76 silly idealTree ├─┬ acorn-globals@3.1.0
76 silly idealTree │ └── acorn@4.0.13
76 silly idealTree ├── acorn@3.3.0
76 silly idealTree ├── align-text@0.1.4
76 silly idealTree ├── amdefine@1.0.1
76 silly idealTree ├── append-field@0.1.0
76 silly idealTree ├── array-flatten@1.1.1
76 silly idealTree ├── asap@2.0.5
76 silly idealTree ├── async@0.2.10
76 silly idealTree ├── basic-auth@1.1.0
76 silly idealTree ├── bluebird@3.5.0
76 silly idealTree ├─┬ body-parser@1.17.2
76 silly idealTree │ └── debug@2.6.7
76 silly idealTree ├── bson@1.0.4
76 silly idealTree ├── buffer-concat@0.0.1
76 silly idealTree ├── buffer-shims@1.0.0
76 silly idealTree ├─┬ busboy@0.2.14
76 silly idealTree │ ├── isarray@0.0.1
76 silly idealTree │ ├── readable-stream@1.1.14
76 silly idealTree │ └── string_decoder@0.10.31
76 silly idealTree ├── bytes@2.4.0
76 silly idealTree ├── camelcase@1.2.1
76 silly idealTree ├── caseless@0.11.0
76 silly idealTree ├── center-align@0.1.3
76 silly idealTree ├── character-parser@2.2.0
76 silly idealTree ├── clean-css@3.4.27
76 silly idealTree ├── cliui@2.1.0
76 silly idealTree ├── commander@2.8.1
76 silly idealTree ├── concat-stream@1.6.0
76 silly idealTree ├── connect-mongo@1.3.2
76 silly idealTree ├── constantinople@3.1.0
76 silly idealTree ├── content-disposition@0.5.2
76 silly idealTree ├── content-type@1.0.2
76 silly idealTree ├── cookie-parser@1.4.3
76 silly idealTree ├── cookie-session@2.0.0-beta.2
76 silly idealTree ├── cookie-signature@1.0.6
76 silly idealTree ├── cookie@0.3.1
76 silly idealTree ├── cookies@0.7.0
76 silly idealTree ├── core-util-is@1.0.2
76 silly idealTree ├── crc@3.4.4
76 silly idealTree ├── crc32@0.2.2
76 silly idealTree ├── debug@2.6.8
76 silly idealTree ├── decamelize@1.2.0
76 silly idealTree ├── depd@1.1.0
76 silly idealTree ├── destroy@1.0.4
76 silly idealTree ├─┬ dicer@0.2.5
76 silly idealTree │ ├── isarray@0.0.1
76 silly idealTree │ ├── readable-stream@1.1.14
76 silly idealTree │ └── string_decoder@0.10.31
76 silly idealTree ├── doctypes@1.1.0
76 silly idealTree ├── ee-first@1.1.1
76 silly idealTree ├── encodeurl@1.0.1
76 silly idealTree ├── es6-promise@3.2.1
76 silly idealTree ├── escape-html@1.0.3
76 silly idealTree ├── etag@1.8.0
76 silly idealTree ├─┬ express-session@1.15.3
76 silly idealTree │ └── debug@2.6.7
76 silly idealTree ├─┬ express@4.15.3
76 silly idealTree │ └── debug@2.6.7
76 silly idealTree ├─┬ finalhandler@1.0.3
76 silly idealTree │ └── debug@2.6.7
76 silly idealTree ├─┬ formstream@0.0.7
76 silly idealTree │ └── mime@1.2.9
76 silly idealTree ├── forwarded@0.1.0
76 silly idealTree ├── fresh@0.5.0
76 silly idealTree ├── function-bind@1.1.0
76 silly idealTree ├── graceful-readlink@1.0.1
76 silly idealTree ├── has@1.0.1
76 silly idealTree ├── http-basic@2.5.1
76 silly idealTree ├── http-errors@1.6.1
76 silly idealTree ├── http-response-object@1.1.0
76 silly idealTree ├── iconv-lite@0.4.15
76 silly idealTree ├── inherits@2.0.3
76 silly idealTree ├── ipaddr.js@1.3.0
76 silly idealTree ├── is-buffer@1.1.5
76 silly idealTree ├── is-expression@2.1.0
76 silly idealTree ├── is-promise@2.1.0
76 silly idealTree ├── is-regex@1.0.4
76 silly idealTree ├── isarray@1.0.0
76 silly idealTree ├── js-stringify@1.0.2
76 silly idealTree ├── jstransformer@1.0.0
76 silly idealTree ├── keygrip@1.0.1
76 silly idealTree ├── kind-of@3.2.2
76 silly idealTree ├── lazy-cache@1.0.4
76 silly idealTree ├── longest@1.0.1
76 silly idealTree ├── media-typer@0.3.0
76 silly idealTree ├── merge-descriptors@1.0.1
76 silly idealTree ├── methods@1.1.2
76 silly idealTree ├── mime-db@1.27.0
76 silly idealTree ├── mime-types@2.1.15
76 silly idealTree ├── mime@1.3.4
76 silly idealTree ├── minimist@0.0.10
76 silly idealTree ├─┬ mkdirp@0.5.1
76 silly idealTree │ └── minimist@0.0.8
76 silly idealTree ├── mongo@0.1.0
76 silly idealTree ├── mongodb-core@2.1.12
76 silly idealTree ├── mongodb@2.2.28
76 silly idealTree ├── morgan@1.8.2
76 silly idealTree ├── ms@2.0.0
76 silly idealTree ├─┬ multer@1.3.0
76 silly idealTree │ └── object-assign@3.0.0
76 silly idealTree ├── negotiator@0.6.1
76 silly idealTree ├── normalize.css@7.0.0
76 silly idealTree ├── object-assign@4.1.1
76 silly idealTree ├── on-finished@2.3.0
76 silly idealTree ├── on-headers@1.0.1
76 silly idealTree ├── optimist@0.6.1
76 silly idealTree ├── parseurl@1.3.1
76 silly idealTree ├── path-parse@1.0.5
76 silly idealTree ├── path-to-regexp@0.1.7
76 silly idealTree ├── pause-stream@0.0.11
76 silly idealTree ├── process-nextick-args@1.0.7
76 silly idealTree ├── promise@7.1.1
76 silly idealTree ├── proxy-addr@1.1.4
76 silly idealTree ├── pug-attrs@2.0.2
76 silly idealTree ├── pug-code-gen@1.1.1
76 silly idealTree ├── pug-error@1.3.2
76 silly idealTree ├── pug-filters@2.1.3
76 silly idealTree ├─┬ pug-lexer@3.1.0
76 silly idealTree │ ├── acorn@4.0.13
76 silly idealTree │ └── is-expression@3.0.0
76 silly idealTree ├── pug-linker@3.0.1
76 silly idealTree ├── pug-load@2.0.7
76 silly idealTree ├── pug-parser@3.0.0
76 silly idealTree ├── pug-runtime@2.0.3
76 silly idealTree ├── pug-strip-comments@1.0.2
76 silly idealTree ├── pug-walk@1.1.3
76 silly idealTree ├── pug@2.0.0-rc.2
76 silly idealTree ├─┬ qiniu@6.1.13
76 silly idealTree │ └── mime@1.2.9
76 silly idealTree ├── qs@6.4.0
76 silly idealTree ├── random-bytes@1.0.0
76 silly idealTree ├── range-parser@1.2.0
76 silly idealTree ├── raw-body@2.2.0
76 silly idealTree ├── readable-stream@2.2.7
76 silly idealTree ├── repeat-string@1.6.1
76 silly idealTree ├── require_optional@1.0.0
76 silly idealTree ├── resolve-from@2.0.0
76 silly idealTree ├── resolve@1.3.3
76 silly idealTree ├── right-align@0.1.3
76 silly idealTree ├── safe-buffer@5.0.1
76 silly idealTree ├── semver@5.3.0
76 silly idealTree ├─┬ send@0.15.3
76 silly idealTree │ └── debug@2.6.7
76 silly idealTree ├── serve-favicon@2.4.3
76 silly idealTree ├── serve-static@1.12.3
76 silly idealTree ├── setprototypeof@1.0.3
76 silly idealTree ├── source-map@0.4.4
76 silly idealTree ├── statuses@1.3.1
76 silly idealTree ├── streamsearch@0.1.2
76 silly idealTree ├── string_decoder@1.0.2
76 silly idealTree ├─┬ swig@1.4.2
76 silly idealTree │ ├── source-map@0.1.34
76 silly idealTree │ ├── uglify-js@2.4.24
76 silly idealTree │ └── yargs@3.5.4
76 silly idealTree ├── sync-request@3.0.1
76 silly idealTree ├── then-request@2.2.0
76 silly idealTree ├── through@2.3.8
76 silly idealTree ├── token-stream@0.0.1
76 silly idealTree ├── type-is@1.6.15
76 silly idealTree ├── typedarray@0.0.6
76 silly idealTree ├─┬ uglify-js@2.8.28
76 silly idealTree │ └── source-map@0.5.6
76 silly idealTree ├── uglify-to-browserify@1.0.2
76 silly idealTree ├── uid-safe@2.1.4
76 silly idealTree ├── unpipe@1.0.0
76 silly idealTree ├─┬ urllib@0.5.1
76 silly idealTree │ └── debug@0.7.2
76 silly idealTree ├── util-deprecate@1.0.2
76 silly idealTree ├── utils-merge@1.0.0
76 silly idealTree ├── vary@1.1.1
76 silly idealTree ├── void-elements@2.0.1
76 silly idealTree ├── window-size@0.1.0
76 silly idealTree ├── with@5.1.1
76 silly idealTree ├── wordwrap@0.0.2
76 silly idealTree ├── xtend@4.0.1
76 silly idealTree └── yargs@3.10.0
77 silly generateActionsToTake Starting
78 silly install generateActionsToTake
79 warn checkPermissions Missing write access to /Users/baohua/workspace/exp/blog/node_modules
80 silly rollbackFailedOptional Starting
81 silly rollbackFailedOptional Finishing
82 silly runTopLevelLifecycles Starting
83 silly runTopLevelLifecycles Finishing
84 silly install printInstalled
85 verbose stack Error: EACCES: permission denied, access '/Users/baohua/workspace/exp/blog/node_modules'
85 verbose stack     at Error (native)
86 verbose cwd /Users/baohua/workspace/exp/blog
87 error Darwin 15.6.0
88 error argv "/usr/local/bin/node" "/usr/local/bin/npm" "install" "normalize.css"
89 error node v6.2.0
90 error npm  v3.8.9
91 error path /Users/baohua/workspace/exp/blog/node_modules
92 error code EACCES
93 error errno -13
94 error syscall access
95 error Error: EACCES: permission denied, access '/Users/baohua/workspace/exp/blog/node_modules'
95 error     at Error (native)
95 error  { Error: EACCES: permission denied, access '/Users/baohua/workspace/exp/blog/node_modules'
95 error     at Error (native)
95 error   errno: -13,
95 error   code: 'EACCES',
95 error   syscall: 'access',
95 error   path: '/Users/baohua/workspace/exp/blog/node_modules' }
96 error Please try running this command again as root/Administrator.
97 verbose exit [ -13, true ]
